c:\gierki\visual studio stuff\projects\teddybear2\teddybear2\debug\vc141.pdb
c:\gierki\visual studio stuff\projects\teddybear2\teddybear2\debug\vc141.idb
c:\gierki\visual studio stuff\projects\teddybear2\teddybear2\debug\input.obj
c:\gierki\visual studio stuff\projects\teddybear2\teddybear2\debug\inputmenu.obj
c:\gierki\visual studio stuff\projects\teddybear2\teddybear2\debug\jump.obj
c:\gierki\visual studio stuff\projects\teddybear2\teddybear2\debug\levelmanager.obj
c:\gierki\visual studio stuff\projects\teddybear2\teddybear2\debug\myspell.obj
c:\gierki\visual studio stuff\projects\teddybear2\teddybear2\debug\poison.obj
c:\gierki\visual studio stuff\projects\teddybear2\teddybear2\debug\redghost.obj
c:\gierki\visual studio stuff\projects\teddybear2\teddybear2\debug\redspell.obj
c:\gierki\visual studio stuff\projects\teddybear2\teddybear2\debug\spell.obj
c:\gierki\visual studio stuff\projects\teddybear2\teddybear2\debug\main.obj
c:\gierki\visual studio stuff\projects\teddybear2\teddybear2\debug\monster.obj
c:\gierki\visual studio stuff\projects\teddybear2\teddybear2\debug\poisonspider.obj
c:\gierki\visual studio stuff\projects\teddybear2\teddybear2\debug\spider.obj
c:\gierki\visual studio stuff\projects\teddybear2\teddybear2\debug\teddy.obj
c:\gierki\visual studio stuff\projects\teddybear2\teddybear2\debug\textureholder.obj
c:\gierki\visual studio stuff\projects\teddybear2\teddybear2\debug\update.obj
c:\gierki\visual studio stuff\projects\teddybear2\teddybear2\debug\updateteddy.obj
c:\gierki\visual studio stuff\projects\teddybear2\teddybear2\debug\walk.obj
c:\gierki\visual studio stuff\projects\teddybear2\teddybear2\debug\whitespell.obj
c:\gierki\visual studio stuff\projects\teddybear2\teddybear2\debug\witch.obj
c:\gierki\visual studio stuff\projects\teddybear2\teddybear2\debug\blackspell.obj
c:\gierki\visual studio stuff\projects\teddybear2\teddybear2\debug\collisions.obj
c:\gierki\visual studio stuff\projects\teddybear2\teddybear2\debug\engine.obj
c:\gierki\visual studio stuff\projects\teddybear2\teddybear2\debug\getmonsters.obj
c:\gierki\visual studio stuff\projects\teddybear2\teddybear2\debug\ghost.obj
c:\gierki\visual studio stuff\projects\teddybear2\teddybear2\debug\greenghost.obj
c:\gierki\visual studio stuff\projects\teddybear2\teddybear2\debug\greenspell.obj
c:\gierki\visual studio stuff\projects\teddybear2\debug\teddybear2.exe
c:\gierki\visual studio stuff\projects\teddybear2\debug\teddybear2.ilk
c:\gierki\visual studio stuff\projects\teddybear2\debug\teddybear2.pdb
c:\gierki\visual studio stuff\projects\teddybear2\teddybear2\debug\teddybear2.tlog\cl.command.1.tlog
c:\gierki\visual studio stuff\projects\teddybear2\teddybear2\debug\teddybear2.tlog\cl.read.1.tlog
c:\gierki\visual studio stuff\projects\teddybear2\teddybear2\debug\teddybear2.tlog\cl.write.1.tlog
c:\gierki\visual studio stuff\projects\teddybear2\teddybear2\debug\teddybear2.tlog\link.command.1.tlog
c:\gierki\visual studio stuff\projects\teddybear2\teddybear2\debug\teddybear2.tlog\link.read.1.tlog
c:\gierki\visual studio stuff\projects\teddybear2\teddybear2\debug\teddybear2.tlog\link.write.1.tlog
